<?xml version="1.0" encoding="UTF-8"?>
<!-- Generated by org.testng.reporters.JUnitXMLReporter -->
<testsuite hostname="VeradeMacBook-Pro.local" name="Test" tests="2" failures="2" timestamp="6 Apr 2017 04:51:39 GMT" time="58.938" errors="0">
  <testcase name="testShopping" time="15.059" classname="com.test.testcases.Shopping">
    <failure type="org.openqa.selenium.TimeoutException" message="Timed out waiting for page load.
Command duration or timeout: 15.05 seconds
Build info: version: &amp;apos;2.53.1&amp;apos;, revision: &amp;apos;a36b8b1&amp;apos;, time: &amp;apos;2016-06-30 17:37:03&amp;apos;
System info: host: &amp;apos;VeradeMacBook-Pro.local&amp;apos;, ip: &amp;apos;192.168.1.47&amp;apos;, os.name: &amp;apos;Mac OS X&amp;apos;, os.arch: &amp;apos;x86_64&amp;apos;, os.version: &amp;apos;10.12.4&amp;apos;, java.version: &amp;apos;1.8.0_101&amp;apos;
Driver info: org.openqa.selenium.firefox.FirefoxDriver
Capabilities [{applicationCacheEnabled=true, rotatable=false, handlesAlerts=true, databaseEnabled=true, version=45.6.0, platform=MAC, nativeEvents=false, acceptSslCerts=true, webStorageEnabled=true, locationContextEnabled=true, browserName=firefox, takesScreenshot=true, javascriptEnabled=true, cssSelectorsEnabled=true}]
Session ID: f6fdac4b-46b5-844d-875c-b8e953c9790f">
      <![CDATA[org.openqa.selenium.TimeoutException: Timed out waiting for page load.
Command duration or timeout: 15.05 seconds
Build info: version: '2.53.1', revision: 'a36b8b1', time: '2016-06-30 17:37:03'
System info: host: 'VeradeMacBook-Pro.local', ip: '192.168.1.47', os.name: 'Mac OS X', os.arch: 'x86_64', os.version: '10.12.4', java.version: '1.8.0_101'
Driver info: org.openqa.selenium.firefox.FirefoxDriver
Capabilities [{applicationCacheEnabled=true, rotatable=false, handlesAlerts=true, databaseEnabled=true, version=45.6.0, platform=MAC, nativeEvents=false, acceptSslCerts=true, webStorageEnabled=true, locationContextEnabled=true, browserName=firefox, takesScreenshot=true, javascriptEnabled=true, cssSelectorsEnabled=true}]
Session ID: f6fdac4b-46b5-844d-875c-b8e953c9790f
	at org.openqa.selenium.remote.ErrorHandler.createThrowable(ErrorHandler.java:206)
	at org.openqa.selenium.remote.ErrorHandler.throwIfResponseFailed(ErrorHandler.java:158)
	at org.openqa.selenium.remote.RemoteWebDriver.execute(RemoteWebDriver.java:678)
	at org.openqa.selenium.remote.RemoteWebDriver.get(RemoteWebDriver.java:316)
	at com.test.base.TestBase.goTo(Unknown Source)
	at com.test.testcases.Shopping.testShopping(Unknown Source)
Caused by: org.openqa.selenium.TimeoutException: Timed out waiting for page load.
Build info: version: '2.53.1', revision: 'a36b8b1', time: '2016-06-30 17:37:03'
System info: host: 'VeradeMacBook-Pro.local', ip: '192.168.1.47', os.name: 'Mac OS X', os.arch: 'x86_64', os.version: '10.12.4', java.version: '1.8.0_101'
Driver info: driver.version: unknown
	at <anonymous class>.Utils.initWebLoadingListener/<(file:///var/folders/9f/plvps0w910gdwxmqq6rkdmmc0000gn/T/anonymous2786757453152344032webdriver-profile/extensions/fxdriver@googlecode.com/components/driver-component.js:9071)
	at <anonymous class>.WebLoadingListener/e(file:///var/folders/9f/plvps0w910gdwxmqq6rkdmmc0000gn/T/anonymous2786757453152344032webdriver-profile/extensions/fxdriver@googlecode.com/components/driver-component.js:5142)
	at <anonymous class>.WebLoadingListener/<(file:///var/folders/9f/plvps0w910gdwxmqq6rkdmmc0000gn/T/anonymous2786757453152344032webdriver-profile/extensions/fxdriver@googlecode.com/components/driver-component.js:5150)
	at <anonymous class>.fxdriver.Timer.prototype.setTimeout/<.notify(file:///var/folders/9f/plvps0w910gdwxmqq6rkdmmc0000gn/T/anonymous2786757453152344032webdriver-profile/extensions/fxdriver@googlecode.com/components/driver-component.js:625)
... Removed 27 stack frames]]>
    </failure>
  </testcase> <!-- testShopping -->
  <testcase name="testShopping" time="39.202" classname="com.test.testcases.Shopping">
    <failure type="java.lang.NullPointerException">
      <![CDATA[java.lang.NullPointerException
	at com.test.page.FirstPage.linkToMobileList(Unknown Source)
	at com.test.testcases.Shopping.testShopping(Unknown Source)
... Removed 23 stack frames]]>
    </failure>
  </testcase> <!-- testShopping -->
</testsuite> <!-- Test -->
